2025-02-11 21:18:21.750 | INFO     | __main__:<module>:41 - Logging to file: logs\project_log.log
2025-02-11 21:18:21.751 | INFO     | __main__:main:63 - STARTING utils_logger.py
2025-02-11 21:18:21.751 | INFO     | __main__:log_example:54 - This is an example info message.
2025-02-11 21:18:21.751 | WARNING  | __main__:log_example:55 - This is an example warning message.
2025-02-11 21:18:21.752 | ERROR    | __main__:log_example:56 - This is an example error message.
2025-02-11 21:18:21.752 | INFO     | __main__:main:68 - View the log output at logs\project_log.log
2025-02-11 21:18:21.753 | INFO     | __main__:main:69 - EXITING utils_logger.py.
2025-02-11 21:18:52.465 | INFO     | utils_logger:<module>:41 - Logging to file: logs\project_log.log
2025-02-11 21:18:52.465 | INFO     | __main__:main:38 - Starting database setup...
2025-02-11 21:18:52.467 | INFO     | __main__:main:52 - Connected to database: C:\Projects\datafun-05-sql\data\db.sqlite
2025-02-11 21:18:52.468 | INFO     | __main__:execute_sql_file:30 - Executed: C:\Projects\datafun-05-sql\sql_create\01_drop_tables.sql
2025-02-11 21:18:52.473 | INFO     | __main__:execute_sql_file:30 - Executed: C:\Projects\datafun-05-sql\sql_create\02_create_tables.sql
2025-02-11 21:18:52.476 | INFO     | __main__:execute_sql_file:30 - Executed: C:\Projects\datafun-05-sql\sql_create\03_insert_records.sql
2025-02-11 21:18:52.476 | INFO     | __main__:main:60 - Database setup completed successfully.
2025-02-11 21:18:52.477 | INFO     | __main__:main:65 - Database connection closed.
2025-02-11 21:19:07.137 | INFO     | utils_logger:<module>:41 - Logging to file: logs\project_log.log
2025-02-11 21:19:07.138 | INFO     | __main__:main:36 - Starting feature queries execution...
2025-02-11 21:19:07.139 | INFO     | __main__:main:52 - Connected to database: C:\Projects\datafun-05-sql\data\db.sqlite
2025-02-11 21:19:07.140 | INFO     | __main__:execute_sql_file:27 - Executed: C:\Projects\datafun-05-sql\sql_features\delete_records.sql
2025-02-11 21:19:07.140 | INFO     | __main__:execute_sql_file:27 - Executed: C:\Projects\datafun-05-sql\sql_features\update_records.sql
2025-02-11 21:19:07.140 | INFO     | __main__:main:58 - Feature queries execution completed successfully.
2025-02-11 21:19:07.140 | INFO     | __main__:main:63 - Database connection closed.
2025-02-11 22:01:06.625 | INFO     | utils_logger:<module>:41 - Logging to file: logs\project_log.log
2025-02-11 22:01:06.625 | INFO     | __main__:main:38 - Starting database setup...
2025-02-11 22:01:06.626 | INFO     | __main__:main:52 - Connected to database: C:\Projects\datafun-05-sql\data\db.sqlite
2025-02-11 22:01:06.626 | ERROR    | __main__:execute_sql_file:32 - Failed to execute C:\Projects\datafun-05-sql\sql_create\01_drop_tables.sql: [Errno 2] No such file or directory: 'C:\\Projects\\datafun-05-sql\\sql_create\\01_drop_tables.sql'
2025-02-11 22:01:06.626 | ERROR    | __main__:main:62 - Error during database setup: [Errno 2] No such file or directory: 'C:\\Projects\\datafun-05-sql\\sql_create\\01_drop_tables.sql'
2025-02-11 22:01:06.627 | INFO     | __main__:main:65 - Database connection closed.
2025-02-11 22:04:06.933 | INFO     | utils_logger:<module>:41 - Logging to file: logs\project_log.log
2025-02-11 22:04:06.933 | INFO     | __main__:main:38 - Starting database setup...
2025-02-11 22:04:06.935 | INFO     | __main__:main:52 - Connected to database: C:\Projects\datafun-05-sql\data\db.sqlite
2025-02-11 22:04:06.935 | INFO     | __main__:execute_sql_file:30 - Executed: C:\Projects\datafun-05-sql\sql_create\01_drop_tables.sql
2025-02-11 22:04:06.936 | INFO     | __main__:execute_sql_file:30 - Executed: C:\Projects\datafun-05-sql\sql_create\02_create_tables.sql
2025-02-11 22:04:06.936 | INFO     | __main__:execute_sql_file:30 - Executed: C:\Projects\datafun-05-sql\sql_create\03_insert_records.sql
2025-02-11 22:04:06.936 | INFO     | __main__:main:60 - Database setup completed successfully.
2025-02-11 22:04:06.937 | INFO     | __main__:main:65 - Database connection closed.
2025-02-11 22:22:27.484 | INFO     | utils_logger:<module>:41 - Logging to file: logs\project_log.log
2025-02-11 22:22:27.485 | INFO     | __main__:main:36 - Starting feature queries execution...
2025-02-11 22:22:27.486 | INFO     | __main__:main:52 - Connected to database: C:\Projects\datafun-05-sql\data\db.sqlite
2025-02-11 22:22:27.487 | INFO     | __main__:main:58 - Feature queries execution completed successfully.
2025-02-11 22:22:27.487 | INFO     | __main__:main:63 - Database connection closed.
2025-02-11 22:44:23.821 | INFO     | utils_logger:<module>:41 - Logging to file: logs\project_log.log
2025-02-11 22:44:23.822 | INFO     | __main__:main:38 - Starting database setup...
2025-02-11 22:44:23.823 | INFO     | __main__:main:52 - Connected to database: C:\Projects\datafun-05-sql\data\db.sqlite
2025-02-11 22:44:23.824 | INFO     | __main__:execute_sql_file:30 - Executed: C:\Projects\datafun-05-sql\sql_create\01_drop_tables.sql
2025-02-11 22:44:23.827 | INFO     | __main__:execute_sql_file:30 - Executed: C:\Projects\datafun-05-sql\sql_create\02_create_tables.sql
2025-02-11 22:44:23.830 | INFO     | __main__:execute_sql_file:30 - Executed: C:\Projects\datafun-05-sql\sql_create\03_insert_records.sql
2025-02-11 22:44:23.831 | INFO     | __main__:main:60 - Database setup completed successfully.
2025-02-11 22:44:23.831 | INFO     | __main__:main:65 - Database connection closed.
2025-02-11 22:46:51.712 | INFO     | utils_logger:<module>:41 - Logging to file: logs\project_log.log
2025-02-11 22:46:51.713 | INFO     | __main__:main:36 - Starting feature queries execution...
2025-02-11 22:46:51.713 | INFO     | __main__:main:52 - Connected to database: C:\Projects\datafun-05-sql\data\db.sqlite
2025-02-11 22:46:51.714 | INFO     | __main__:main:58 - Feature queries execution completed successfully.
2025-02-11 22:46:51.714 | INFO     | __main__:main:63 - Database connection closed.
2025-02-12 17:52:40.681 | INFO     | utils_logger:<module>:41 - Logging to file: logs\project_log.log
2025-02-12 17:52:40.682 | INFO     | __main__:main:38 - Starting database setup...
2025-02-12 17:52:40.684 | INFO     | __main__:main:52 - Connected to database: C:\Projects\datafun-05-sql\data\db.sqlite
2025-02-12 17:52:40.689 | INFO     | __main__:execute_sql_file:30 - Executed: C:\Projects\datafun-05-sql\sql_create\01_drop_tables.sql
2025-02-12 17:52:40.692 | INFO     | __main__:execute_sql_file:30 - Executed: C:\Projects\datafun-05-sql\sql_create\02_create_tables.sql
2025-02-12 17:52:40.694 | INFO     | __main__:execute_sql_file:30 - Executed: C:\Projects\datafun-05-sql\sql_create\03_insert_records.sql
2025-02-12 17:52:40.694 | INFO     | __main__:main:60 - Database setup completed successfully.
2025-02-12 17:52:40.694 | INFO     | __main__:main:65 - Database connection closed.
2025-02-12 17:52:57.676 | INFO     | utils_logger:<module>:41 - Logging to file: logs\project_log.log
2025-02-12 17:52:57.676 | INFO     | __main__:main:36 - Starting feature queries execution...
2025-02-12 17:52:57.677 | INFO     | __main__:main:52 - Connected to database: C:\Projects\datafun-05-sql\data\db.sqlite
2025-02-12 17:52:57.679 | INFO     | __main__:execute_sql_file:27 - Executed: C:\Projects\datafun-05-sql\sql_features\delete_records.sql
2025-02-12 17:52:57.679 | INFO     | __main__:execute_sql_file:27 - Executed: C:\Projects\datafun-05-sql\sql_features\update_records.sql
2025-02-12 17:52:57.679 | INFO     | __main__:main:58 - Feature queries execution completed successfully.
2025-02-12 17:52:57.680 | INFO     | __main__:main:63 - Database connection closed.
2025-02-12 19:26:01.322 | INFO     | utils_logger:<module>:41 - Logging to file: logs\project_log.log
2025-02-12 19:26:01.322 | INFO     | __main__:main:38 - Starting database setup...
2025-02-12 19:26:01.324 | INFO     | __main__:main:52 - Connected to database: C:\Projects\datafun-05-sql\data\db.sqlite
2025-02-12 19:26:01.328 | INFO     | __main__:execute_sql_file:30 - Executed: C:\Projects\datafun-05-sql\sql_create\01_drop_tables.sql
2025-02-12 19:26:01.332 | INFO     | __main__:execute_sql_file:30 - Executed: C:\Projects\datafun-05-sql\sql_create\02_create_tables.sql
2025-02-12 19:26:01.334 | ERROR    | __main__:execute_sql_file:32 - Failed to execute C:\Projects\datafun-05-sql\sql_create\03_insert_records.sql: unrecognized token: "'16f3e0a1-24cb-4ed6-a50"
2025-02-12 19:26:01.334 | ERROR    | __main__:main:62 - Error during database setup: unrecognized token: "'16f3e0a1-24cb-4ed6-a50"
2025-02-12 19:26:01.335 | INFO     | __main__:main:65 - Database connection closed.
2025-02-18 11:45:40.497 | INFO     | utils_logger:<module>:41 - Logging to file: logs\project_log.log
2025-02-18 11:45:40.497 | INFO     | __main__:main:56 - Database operation started.
2025-02-18 11:45:40.504 | INFO     | __main__:create_database:20 - Tables dropped successfully.
2025-02-18 11:45:40.508 | INFO     | __main__:create_database:28 - Tables created successfully.
2025-02-18 11:45:40.527 | INFO     | __main__:insert_data_from_csv:45 - Data inserted successfully.
2025-02-18 11:45:40.527 | INFO     | __main__:main:59 - Database operation completed.
2025-02-18 12:01:51.694 | INFO     | utils_logger:<module>:41 - Logging to file: logs\project_log.log
2025-02-18 12:01:51.694 | INFO     | __main__:main:36 - Starting feature queries execution...
2025-02-18 12:01:51.694 | INFO     | __main__:main:52 - Connected to database: C:\Projects\datafun-05-sql\data\db.sqlite
2025-02-18 12:01:51.704 | INFO     | __main__:execute_sql_file:27 - Executed: C:\Projects\datafun-05-sql\sql_features\delete_records.sql
2025-02-18 12:01:51.710 | INFO     | __main__:execute_sql_file:27 - Executed: C:\Projects\datafun-05-sql\sql_features\update_records.sql
2025-02-18 12:01:51.710 | INFO     | __main__:main:58 - Feature queries execution completed successfully.
2025-02-18 12:01:51.710 | INFO     | __main__:main:63 - Database connection closed.
2025-02-18 12:02:42.316 | INFO     | utils_logger:<module>:41 - Logging to file: logs\project_log.log
2025-02-18 12:02:42.316 | INFO     | __main__:main:56 - Database operation started.
2025-02-18 12:02:42.320 | INFO     | __main__:create_database:20 - Tables dropped successfully.
2025-02-18 12:02:42.325 | INFO     | __main__:create_database:28 - Tables created successfully.
2025-02-18 12:02:42.340 | INFO     | __main__:insert_data_from_csv:45 - Data inserted successfully.
2025-02-18 12:02:42.341 | INFO     | __main__:main:59 - Database operation completed.
2025-02-18 12:10:10.021 | INFO     | utils_logger:<module>:41 - Logging to file: logs\project_log.log
2025-02-18 12:10:10.021 | INFO     | __main__:main:36 - Starting feature queries execution...
2025-02-18 12:11:30.924 | INFO     | utils_logger:<module>:41 - Logging to file: logs\project_log.log
2025-02-18 12:11:30.924 | INFO     | __main__:main:36 - Starting feature queries execution...
2025-02-18 12:11:30.924 | INFO     | __main__:main:51 - Connected to database: C:\Projects\datafun-05-sql\project.sqlite3
2025-02-18 12:11:30.928 | INFO     | __main__:execute_sql_file:27 - Executed: C:\Projects\datafun-05-sql\sql_features\delete_records.sql
2025-02-18 12:11:30.938 | ERROR    | __main__:execute_sql_file:29 - Failed to execute C:\Projects\datafun-05-sql\sql_features\update_records.sql: table authors has no column named first_name
2025-02-18 12:11:30.938 | ERROR    | __main__:main:59 - Error during feature queries execution: table authors has no column named first_name
2025-02-18 12:11:30.938 | INFO     | __main__:main:62 - Database connection closed.
2025-02-18 12:12:28.287 | INFO     | utils_logger:<module>:41 - Logging to file: logs\project_log.log
2025-02-18 12:12:28.287 | INFO     | __main__:main:38 - Starting feature queries execution...
2025-02-18 12:12:28.288 | INFO     | __main__:main:53 - Connected to database: C:\Projects\datafun-05-sql\project.sqlite3
2025-02-18 12:12:28.289 | INFO     | __main__:execute_sql_file:28 - Executed: C:\Projects\datafun-05-sql\sql_features\delete_records.sql
2025-02-18 12:12:28.289 | ERROR    | __main__:execute_sql_file:30 - SQLite error in C:\Projects\datafun-05-sql\sql_features\update_records.sql: duplicate column name: genre
2025-02-18 12:12:28.289 | INFO     | __main__:main:59 - Feature queries execution completed successfully.
2025-02-18 12:12:28.289 | INFO     | __main__:main:64 - Database connection closed.
2025-02-18 12:18:16.659 | INFO     | utils_logger:<module>:41 - Logging to file: logs\project_log.log
2025-02-18 12:18:16.659 | INFO     | __main__:main:56 - Database operation started.
2025-02-18 12:18:16.663 | INFO     | __main__:create_database:20 - Tables dropped successfully.
2025-02-18 12:18:16.668 | INFO     | __main__:create_database:28 - Tables created successfully.
2025-02-18 12:18:16.683 | INFO     | __main__:insert_data_from_csv:45 - Data inserted successfully.
2025-02-18 12:18:16.683 | INFO     | __main__:main:59 - Database operation completed.
2025-02-18 12:42:02.470 | INFO     | utils_logger:<module>:41 - Logging to file: logs\project_log.log
2025-02-18 12:42:02.470 | INFO     | __main__:main:38 - Starting feature queries execution...
2025-02-18 12:42:02.471 | INFO     | __main__:main:53 - Connected to database: C:\Projects\datafun-05-sql\project.sqlite3
2025-02-18 12:42:02.474 | INFO     | __main__:execute_sql_file:28 - Executed: C:\Projects\datafun-05-sql\sql_features\delete_records.sql
2025-02-18 12:42:02.477 | ERROR    | __main__:execute_sql_file:30 - SQLite error in C:\Projects\datafun-05-sql\sql_features\update_records.sql: table authors has no column named first_name
2025-02-18 12:42:02.477 | INFO     | __main__:main:59 - Feature queries execution completed successfully.
2025-02-18 12:42:02.477 | INFO     | __main__:main:64 - Database connection closed.
2025-02-18 12:43:26.902 | INFO     | utils_logger:<module>:41 - Logging to file: logs\project_log.log
2025-02-18 12:43:26.902 | INFO     | __main__:main:56 - Database operation started.
2025-02-18 12:43:26.906 | INFO     | __main__:create_database:20 - Tables dropped successfully.
2025-02-18 12:43:26.911 | INFO     | __main__:create_database:28 - Tables created successfully.
2025-02-18 12:43:26.931 | INFO     | __main__:insert_data_from_csv:45 - Data inserted successfully.
2025-02-18 12:43:26.931 | INFO     | __main__:main:59 - Database operation completed.
2025-02-18 12:45:03.966 | INFO     | utils_logger:<module>:41 - Logging to file: logs\project_log.log
2025-02-18 12:45:03.967 | INFO     | __main__:main:38 - Starting feature queries execution...
2025-02-18 12:45:03.967 | INFO     | __main__:main:53 - Connected to database: C:\Projects\datafun-05-sql\project.sqlite3
2025-02-18 12:45:03.971 | INFO     | __main__:execute_sql_file:28 - Executed: C:\Projects\datafun-05-sql\sql_features\delete_records.sql
2025-02-18 12:45:03.972 | ERROR    | __main__:execute_sql_file:30 - SQLite error in C:\Projects\datafun-05-sql\sql_features\update_records.sql: table authors has no column named year_born
2025-02-18 12:45:03.973 | INFO     | __main__:main:59 - Feature queries execution completed successfully.
2025-02-18 12:45:03.973 | INFO     | __main__:main:64 - Database connection closed.
2025-02-18 12:50:41.217 | INFO     | utils_logger:<module>:41 - Logging to file: logs\project_log.log
2025-02-18 12:50:41.217 | INFO     | __main__:main:49 - Database operation started.
2025-02-18 12:50:41.221 | INFO     | __main__:create_database:20 - Tables dropped successfully.
2025-02-18 12:50:41.226 | INFO     | __main__:create_database:28 - Tables created successfully.
2025-02-18 12:51:12.833 | INFO     | utils_logger:<module>:41 - Logging to file: logs\project_log.log
2025-02-18 12:51:12.834 | INFO     | __main__:main:49 - Database operation started.
2025-02-18 12:51:12.838 | INFO     | __main__:create_database:20 - Tables dropped successfully.
2025-02-18 12:51:12.843 | INFO     | __main__:create_database:28 - Tables created successfully.
2025-02-18 12:51:12.852 | INFO     | __main__:insert_data:40 - Data inserted successfully.
2025-02-18 12:51:12.852 | INFO     | __main__:main:52 - Database operation completed.
2025-02-18 12:51:36.590 | INFO     | utils_logger:<module>:41 - Logging to file: logs\project_log.log
2025-02-18 12:51:36.590 | INFO     | __main__:main:38 - Starting feature queries execution...
2025-02-18 12:51:36.590 | INFO     | __main__:main:53 - Connected to database: C:\Projects\datafun-05-sql\project.sqlite3
2025-02-18 12:51:36.595 | INFO     | __main__:execute_sql_file:28 - Executed: C:\Projects\datafun-05-sql\sql_features\delete_records.sql
2025-02-18 12:51:36.604 | INFO     | __main__:execute_sql_file:28 - Executed: C:\Projects\datafun-05-sql\sql_features\update_records.sql
2025-02-18 12:51:36.604 | INFO     | __main__:main:59 - Feature queries execution completed successfully.
2025-02-18 12:51:36.605 | INFO     | __main__:main:64 - Database connection closed.
2025-02-18 13:01:02.148 | INFO     | utils_logger:<module>:41 - Logging to file: logs\project_log.log
2025-02-18 13:01:02.149 | INFO     | __main__:main:38 - Starting feature queries execution...
2025-02-18 13:01:02.149 | INFO     | __main__:main:53 - Connected to database: C:\Projects\datafun-05-sql\project.sqlite3
2025-02-18 13:01:02.150 | INFO     | __main__:execute_sql_file:28 - Executed: C:\Projects\datafun-05-sql\sql_features\delete_records.sql
2025-02-18 13:01:02.156 | ERROR    | __main__:execute_sql_file:30 - SQLite error in C:\Projects\datafun-05-sql\sql_features\update_records.sql: duplicate column name: genre
2025-02-18 13:01:02.157 | INFO     | __main__:main:59 - Feature queries execution completed successfully.
2025-02-18 13:01:02.157 | INFO     | __main__:main:64 - Database connection closed.
2025-02-18 13:03:05.182 | INFO     | utils_logger:<module>:41 - Logging to file: logs\project_log.log
2025-02-18 13:03:05.182 | INFO     | __main__:main:49 - Database operation started.
2025-02-18 13:03:05.186 | INFO     | __main__:create_database:20 - Tables dropped successfully.
2025-02-18 13:03:05.190 | INFO     | __main__:create_database:28 - Tables created successfully.
2025-02-18 13:03:05.195 | INFO     | __main__:insert_data:40 - Data inserted successfully.
2025-02-18 13:03:05.195 | INFO     | __main__:main:52 - Database operation completed.
2025-02-18 13:03:30.875 | INFO     | utils_logger:<module>:41 - Logging to file: logs\project_log.log
2025-02-18 13:03:30.875 | INFO     | __main__:main:38 - Starting feature queries execution...
2025-02-18 13:03:30.876 | INFO     | __main__:main:53 - Connected to database: C:\Projects\datafun-05-sql\project.sqlite3
2025-02-18 13:03:30.879 | INFO     | __main__:execute_sql_file:28 - Executed: C:\Projects\datafun-05-sql\sql_features\delete_records.sql
2025-02-18 13:03:30.899 | INFO     | __main__:execute_sql_file:28 - Executed: C:\Projects\datafun-05-sql\sql_features\update_records.sql
2025-02-18 13:03:30.900 | INFO     | __main__:main:59 - Feature queries execution completed successfully.
2025-02-18 13:03:30.900 | INFO     | __main__:main:64 - Database connection closed.
2025-02-18 13:06:27.780 | INFO     | utils_logger:<module>:41 - Logging to file: logs\project_log.log
2025-02-18 13:06:27.780 | INFO     | __main__:main:49 - Database operation started.
2025-02-18 13:06:27.785 | INFO     | __main__:create_database:20 - Tables dropped successfully.
2025-02-18 13:06:27.790 | INFO     | __main__:create_database:28 - Tables created successfully.
2025-02-18 13:06:27.794 | INFO     | __main__:insert_data:40 - Data inserted successfully.
2025-02-18 13:06:27.794 | INFO     | __main__:main:52 - Database operation completed.
2025-02-18 13:06:34.176 | INFO     | utils_logger:<module>:41 - Logging to file: logs\project_log.log
2025-02-18 13:06:34.176 | INFO     | __main__:main:38 - Starting feature queries execution...
2025-02-18 13:06:34.177 | INFO     | __main__:main:53 - Connected to database: C:\Projects\datafun-05-sql\project.sqlite3
2025-02-18 13:06:34.181 | INFO     | __main__:execute_sql_file:28 - Executed: C:\Projects\datafun-05-sql\sql_features\delete_records.sql
2025-02-18 13:06:34.207 | INFO     | __main__:execute_sql_file:28 - Executed: C:\Projects\datafun-05-sql\sql_features\update_records.sql
2025-02-18 13:06:34.207 | INFO     | __main__:main:59 - Feature queries execution completed successfully.
2025-02-18 13:06:34.207 | INFO     | __main__:main:64 - Database connection closed.
2025-02-18 13:07:48.991 | INFO     | utils_logger:<module>:41 - Logging to file: logs\project_log.log
2025-02-18 13:07:48.991 | INFO     | __main__:main:49 - Database operation started.
2025-02-18 13:07:48.995 | INFO     | __main__:create_database:20 - Tables dropped successfully.
2025-02-18 13:07:49.000 | INFO     | __main__:create_database:28 - Tables created successfully.
2025-02-18 13:07:49.004 | INFO     | __main__:insert_data:40 - Data inserted successfully.
2025-02-18 13:07:49.004 | INFO     | __main__:main:52 - Database operation completed.
2025-02-18 13:07:55.657 | INFO     | utils_logger:<module>:41 - Logging to file: logs\project_log.log
2025-02-18 13:07:55.657 | INFO     | __main__:main:38 - Starting feature queries execution...
2025-02-18 13:07:55.659 | INFO     | __main__:main:53 - Connected to database: C:\Projects\datafun-05-sql\project.sqlite3
2025-02-18 13:07:55.669 | INFO     | __main__:execute_sql_file:28 - Executed: C:\Projects\datafun-05-sql\sql_features\delete_records.sql
2025-02-18 13:07:55.688 | INFO     | __main__:execute_sql_file:28 - Executed: C:\Projects\datafun-05-sql\sql_features\update_records.sql
2025-02-18 13:07:55.689 | INFO     | __main__:main:59 - Feature queries execution completed successfully.
2025-02-18 13:07:55.689 | INFO     | __main__:main:64 - Database connection closed.
